2015-11-07 16:51:07,690 [Worker-6] INFO  o.e.m.c.i.e.AbstractTransferListenerAdapter - Downloading https://repo.maven.apache.org/maven2/org/apache/maven/plugins/maven-war-plugin/2.2/maven-war-plugin-2.2.jar
2015-11-07 16:51:07,755 [Worker-6] INFO  o.e.m.c.i.e.AbstractTransferListenerAdapter - Downloaded https://repo.maven.apache.org/maven2/org/apache/maven/plugins/maven-war-plugin/2.2/maven-war-plugin-2.2.jar
2015-11-07 16:51:08,887 [Worker-6] INFO  o.e.m.c.i.l.LifecycleMappingFactory - Using org.maven.ide.eclipse.wtp.WarLifecycleMapping lifecycle mapping for MavenProject: Server:Server:0.0.1-SNAPSHOT @ /home/misha/Documents/gitfiles/AstonHack/java/Server/pom.xml.
2015-11-07 16:51:08,975 [Worker-6] INFO  o.e.m.c.i.e.AbstractTransferListenerAdapter - Downloading https://repo.maven.apache.org/maven2/org/apache/maven/plugins/maven-war-plugin/2.2/maven-war-plugin-2.2.pom
2015-11-07 16:51:08,988 [Worker-6] INFO  o.e.m.c.i.e.AbstractTransferListenerAdapter - Downloaded https://repo.maven.apache.org/maven2/org/apache/maven/plugins/maven-war-plugin/2.2/maven-war-plugin-2.2.pom
2015-11-07 16:51:09,195 [Worker-6] INFO  o.e.m.c.i.e.AbstractTransferListenerAdapter - Downloading https://repo.maven.apache.org/maven2/com/thoughtworks/xstream/xstream/1.3.1/xstream-1.3.1.pom
2015-11-07 16:51:09,208 [Worker-6] INFO  o.e.m.c.i.e.AbstractTransferListenerAdapter - Downloaded https://repo.maven.apache.org/maven2/com/thoughtworks/xstream/xstream/1.3.1/xstream-1.3.1.pom
2015-11-07 16:51:09,221 [Worker-6] INFO  o.e.m.c.i.e.AbstractTransferListenerAdapter - Downloading https://repo.maven.apache.org/maven2/com/thoughtworks/xstream/xstream-parent/1.3.1/xstream-parent-1.3.1.pom
2015-11-07 16:51:09,234 [Worker-6] INFO  o.e.m.c.i.e.AbstractTransferListenerAdapter - Downloaded https://repo.maven.apache.org/maven2/com/thoughtworks/xstream/xstream-parent/1.3.1/xstream-parent-1.3.1.pom
2015-11-07 16:51:09,248 [Worker-6] INFO  o.e.m.c.i.e.AbstractTransferListenerAdapter - Downloading https://repo.maven.apache.org/maven2/xpp3/xpp3_min/1.1.4c/xpp3_min-1.1.4c.pom
2015-11-07 16:51:09,258 [Worker-6] INFO  o.e.m.c.i.e.AbstractTransferListenerAdapter - Downloaded https://repo.maven.apache.org/maven2/xpp3/xpp3_min/1.1.4c/xpp3_min-1.1.4c.pom
2015-11-07 16:51:09,272 [Worker-6] INFO  o.e.m.c.i.e.AbstractTransferListenerAdapter - Downloading https://repo.maven.apache.org/maven2/org/apache/maven/shared/maven-filtering/1.0-beta-2/maven-filtering-1.0-beta-2.pom
2015-11-07 16:51:09,283 [Worker-6] INFO  o.e.m.c.i.e.AbstractTransferListenerAdapter - Downloaded https://repo.maven.apache.org/maven2/org/apache/maven/shared/maven-filtering/1.0-beta-2/maven-filtering-1.0-beta-2.pom
2015-11-07 16:51:09,299 [Worker-6] INFO  o.e.m.c.i.e.AbstractTransferListenerAdapter - Downloading https://repo.maven.apache.org/maven2/org/apache/maven/shared/maven-shared-components/10/maven-shared-components-10.pom
2015-11-07 16:51:09,311 [Worker-6] INFO  o.e.m.c.i.e.AbstractTransferListenerAdapter - Downloaded https://repo.maven.apache.org/maven2/org/apache/maven/shared/maven-shared-components/10/maven-shared-components-10.pom
2015-11-07 16:51:09,323 [Worker-6] INFO  o.e.m.c.i.e.AbstractTransferListenerAdapter - Downloading https://repo.maven.apache.org/maven2/org/apache/maven/maven-parent/9/maven-parent-9.pom
2015-11-07 16:51:09,340 [Worker-6] INFO  o.e.m.c.i.e.AbstractTransferListenerAdapter - Downloaded https://repo.maven.apache.org/maven2/org/apache/maven/maven-parent/9/maven-parent-9.pom
2015-11-07 16:51:09,370 [Worker-6] INFO  o.e.m.c.i.e.AbstractTransferListenerAdapter - Downloading https://repo.maven.apache.org/maven2/org/codehaus/plexus/plexus-interpolation/1.6/plexus-interpolation-1.6.pom
2015-11-07 16:51:09,385 [Worker-6] INFO  o.e.m.c.i.e.AbstractTransferListenerAdapter - Downloaded https://repo.maven.apache.org/maven2/org/codehaus/plexus/plexus-interpolation/1.6/plexus-interpolation-1.6.pom
2015-11-07 16:51:09,466 [Worker-6] INFO  o.e.m.c.i.e.AbstractTransferListenerAdapter - Downloading https://repo.maven.apache.org/maven2/com/thoughtworks/xstream/xstream/1.3.1/xstream-1.3.1.jar
2015-11-07 16:51:09,551 [Worker-6] INFO  o.e.m.c.i.e.AbstractTransferListenerAdapter - Downloaded https://repo.maven.apache.org/maven2/com/thoughtworks/xstream/xstream/1.3.1/xstream-1.3.1.jar
2015-11-07 16:51:09,566 [Worker-6] INFO  o.e.m.c.i.e.AbstractTransferListenerAdapter - Downloading https://repo.maven.apache.org/maven2/xpp3/xpp3_min/1.1.4c/xpp3_min-1.1.4c.jar
2015-11-07 16:51:09,579 [Worker-6] INFO  o.e.m.c.i.e.AbstractTransferListenerAdapter - Downloaded https://repo.maven.apache.org/maven2/xpp3/xpp3_min/1.1.4c/xpp3_min-1.1.4c.jar
2015-11-07 16:51:09,594 [Worker-6] INFO  o.e.m.c.i.e.AbstractTransferListenerAdapter - Downloading https://repo.maven.apache.org/maven2/org/apache/maven/shared/maven-filtering/1.0-beta-2/maven-filtering-1.0-beta-2.jar
2015-11-07 16:51:09,608 [Worker-6] INFO  o.e.m.c.i.e.AbstractTransferListenerAdapter - Downloaded https://repo.maven.apache.org/maven2/org/apache/maven/shared/maven-filtering/1.0-beta-2/maven-filtering-1.0-beta-2.jar
2015-11-07 16:51:10,572 [Worker-6] INFO  o.e.m.j.i.AbstractJavaProjectConfigurator - Adding source folder /Server/src
2015-11-07 16:51:10,573 [Worker-6] INFO  o.e.m.j.i.AbstractJavaProjectConfigurator - Not adding source folder /Server/src/test/java because it overlaps with /Server/src
2015-11-07 16:51:11,956 [Worker-6] INFO  o.e.m.c.i.e.AbstractTransferListenerAdapter - Downloading https://repo.maven.apache.org/maven2/org/apache/maven/plugins/maven-clean-plugin/2.5/maven-clean-plugin-2.5.pom
2015-11-07 16:51:11,982 [Worker-6] INFO  o.e.m.c.i.e.AbstractTransferListenerAdapter - Downloaded https://repo.maven.apache.org/maven2/org/apache/maven/plugins/maven-clean-plugin/2.5/maven-clean-plugin-2.5.pom
2015-11-07 16:51:12,042 [Worker-6] INFO  o.e.m.c.i.p.ProjectConfigurationManager - Update started
2015-11-07 16:51:12,346 [Worker-6] INFO  o.e.m.c.i.l.LifecycleMappingFactory - Using org.maven.ide.eclipse.wtp.WarLifecycleMapping lifecycle mapping for MavenProject: Server:Server:0.0.1-SNAPSHOT @ /home/misha/Documents/gitfiles/AstonHack/java/Server/pom.xml.
2015-11-07 16:51:13,312 [Worker-6] INFO  o.e.m.j.i.AbstractJavaProjectConfigurator - Adding source folder /Server/src
2015-11-07 16:51:13,315 [Worker-6] INFO  o.e.m.j.i.AbstractJavaProjectConfigurator - Not adding source folder /Server/src/test/java because it overlaps with /Server/src
2015-11-07 16:51:13,756 [Worker-6] INFO  o.e.m.w.i.f.ResourceFilteringBuildParticipant - Cleaning filtered folder for Server
2015-11-07 16:51:13,793 [Worker-6] INFO  o.e.m.c.i.p.ProjectConfigurationManager - Update completed: 1 sec
2015-11-07 16:52:08,129 [Worker-3] INFO  o.e.m.c.i.e.AbstractTransferListenerAdapter - Downloading https://repo.maven.apache.org/maven2/org/eclipse/jetty/jetty-servlet/9.3.5.v20151012/jetty-servlet-9.3.5.v20151012.pom
2015-11-07 16:52:08,144 [Worker-3] INFO  o.e.m.c.i.e.AbstractTransferListenerAdapter - Downloaded https://repo.maven.apache.org/maven2/org/eclipse/jetty/jetty-servlet/9.3.5.v20151012/jetty-servlet-9.3.5.v20151012.pom
2015-11-07 16:52:08,161 [Worker-3] INFO  o.e.m.c.i.e.AbstractTransferListenerAdapter - Downloading https://repo.maven.apache.org/maven2/org/eclipse/jetty/jetty-project/9.3.5.v20151012/jetty-project-9.3.5.v20151012.pom
2015-11-07 16:52:08,176 [Worker-3] INFO  o.e.m.c.i.e.AbstractTransferListenerAdapter - Downloaded https://repo.maven.apache.org/maven2/org/eclipse/jetty/jetty-project/9.3.5.v20151012/jetty-project-9.3.5.v20151012.pom
2015-11-07 16:52:08,196 [Worker-3] INFO  o.e.m.c.i.e.AbstractTransferListenerAdapter - Downloading https://repo.maven.apache.org/maven2/org/eclipse/jetty/jetty-parent/25/jetty-parent-25.pom
2015-11-07 16:52:08,210 [Worker-3] INFO  o.e.m.c.i.e.AbstractTransferListenerAdapter - Downloaded https://repo.maven.apache.org/maven2/org/eclipse/jetty/jetty-parent/25/jetty-parent-25.pom
2015-11-07 16:52:08,229 [Worker-3] INFO  o.e.m.c.i.e.AbstractTransferListenerAdapter - Downloading https://repo.maven.apache.org/maven2/org/eclipse/jetty/jetty-security/9.3.5.v20151012/jetty-security-9.3.5.v20151012.pom
2015-11-07 16:52:08,241 [Worker-3] INFO  o.e.m.c.i.e.AbstractTransferListenerAdapter - Downloaded https://repo.maven.apache.org/maven2/org/eclipse/jetty/jetty-security/9.3.5.v20151012/jetty-security-9.3.5.v20151012.pom
2015-11-07 16:52:08,261 [Worker-3] INFO  o.e.m.c.i.e.AbstractTransferListenerAdapter - Downloading https://repo.maven.apache.org/maven2/org/eclipse/jetty/jetty-server/9.3.5.v20151012/jetty-server-9.3.5.v20151012.pom
2015-11-07 16:52:08,275 [Worker-3] INFO  o.e.m.c.i.e.AbstractTransferListenerAdapter - Downloaded https://repo.maven.apache.org/maven2/org/eclipse/jetty/jetty-server/9.3.5.v20151012/jetty-server-9.3.5.v20151012.pom
2015-11-07 16:52:08,295 [Worker-3] INFO  o.e.m.c.i.e.AbstractTransferListenerAdapter - Downloading https://repo.maven.apache.org/maven2/javax/servlet/javax.servlet-api/3.1.0/javax.servlet-api-3.1.0.pom
2015-11-07 16:52:08,309 [Worker-3] INFO  o.e.m.c.i.e.AbstractTransferListenerAdapter - Downloaded https://repo.maven.apache.org/maven2/javax/servlet/javax.servlet-api/3.1.0/javax.servlet-api-3.1.0.pom
2015-11-07 16:52:08,322 [Worker-3] INFO  o.e.m.c.i.e.AbstractTransferListenerAdapter - Downloading https://repo.maven.apache.org/maven2/net/java/jvnet-parent/3/jvnet-parent-3.pom
2015-11-07 16:52:08,336 [Worker-3] INFO  o.e.m.c.i.e.AbstractTransferListenerAdapter - Downloaded https://repo.maven.apache.org/maven2/net/java/jvnet-parent/3/jvnet-parent-3.pom
2015-11-07 16:52:08,350 [Worker-3] INFO  o.e.m.c.i.e.AbstractTransferListenerAdapter - Downloading https://repo.maven.apache.org/maven2/org/eclipse/jetty/jetty-http/9.3.5.v20151012/jetty-http-9.3.5.v20151012.pom
2015-11-07 16:52:08,363 [Worker-3] INFO  o.e.m.c.i.e.AbstractTransferListenerAdapter - Downloaded https://repo.maven.apache.org/maven2/org/eclipse/jetty/jetty-http/9.3.5.v20151012/jetty-http-9.3.5.v20151012.pom
2015-11-07 16:52:08,382 [Worker-3] INFO  o.e.m.c.i.e.AbstractTransferListenerAdapter - Downloading https://repo.maven.apache.org/maven2/org/eclipse/jetty/jetty-util/9.3.5.v20151012/jetty-util-9.3.5.v20151012.pom
2015-11-07 16:52:08,396 [Worker-3] INFO  o.e.m.c.i.e.AbstractTransferListenerAdapter - Downloaded https://repo.maven.apache.org/maven2/org/eclipse/jetty/jetty-util/9.3.5.v20151012/jetty-util-9.3.5.v20151012.pom
2015-11-07 16:52:08,424 [Worker-3] INFO  o.e.m.c.i.e.AbstractTransferListenerAdapter - Downloading https://repo.maven.apache.org/maven2/org/eclipse/jetty/jetty-io/9.3.5.v20151012/jetty-io-9.3.5.v20151012.pom
2015-11-07 16:52:08,435 [Worker-3] INFO  o.e.m.c.i.e.AbstractTransferListenerAdapter - Downloaded https://repo.maven.apache.org/maven2/org/eclipse/jetty/jetty-io/9.3.5.v20151012/jetty-io-9.3.5.v20151012.pom
2015-11-07 16:52:08,477 [Worker-3] INFO  o.e.m.c.i.e.AbstractTransferListenerAdapter - Downloading https://repo.maven.apache.org/maven2/org/eclipse/jetty/jetty-servlet/9.3.5.v20151012/jetty-servlet-9.3.5.v20151012.jar
2015-11-07 16:52:08,500 [Worker-3] INFO  o.e.m.c.i.e.AbstractTransferListenerAdapter - Downloaded https://repo.maven.apache.org/maven2/org/eclipse/jetty/jetty-servlet/9.3.5.v20151012/jetty-servlet-9.3.5.v20151012.jar
2015-11-07 16:52:08,592 [Worker-3] INFO  o.e.m.c.i.e.AbstractTransferListenerAdapter - Downloading https://repo.maven.apache.org/maven2/org/eclipse/jetty/jetty-security/9.3.5.v20151012/jetty-security-9.3.5.v20151012.jar
2015-11-07 16:52:08,614 [Worker-3] INFO  o.e.m.c.i.e.AbstractTransferListenerAdapter - Downloaded https://repo.maven.apache.org/maven2/org/eclipse/jetty/jetty-security/9.3.5.v20151012/jetty-security-9.3.5.v20151012.jar
2015-11-07 16:52:08,633 [Worker-3] INFO  o.e.m.c.i.e.AbstractTransferListenerAdapter - Downloading https://repo.maven.apache.org/maven2/org/eclipse/jetty/jetty-server/9.3.5.v20151012/jetty-server-9.3.5.v20151012.jar
2015-11-07 16:52:08,703 [Worker-3] INFO  o.e.m.c.i.e.AbstractTransferListenerAdapter - Downloaded https://repo.maven.apache.org/maven2/org/eclipse/jetty/jetty-server/9.3.5.v20151012/jetty-server-9.3.5.v20151012.jar
2015-11-07 16:52:08,717 [Worker-3] INFO  o.e.m.c.i.e.AbstractTransferListenerAdapter - Downloading https://repo.maven.apache.org/maven2/javax/servlet/javax.servlet-api/3.1.0/javax.servlet-api-3.1.0.jar
2015-11-07 16:52:08,735 [Worker-3] INFO  o.e.m.c.i.e.AbstractTransferListenerAdapter - Downloaded https://repo.maven.apache.org/maven2/javax/servlet/javax.servlet-api/3.1.0/javax.servlet-api-3.1.0.jar
2015-11-07 16:52:08,752 [Worker-3] INFO  o.e.m.c.i.e.AbstractTransferListenerAdapter - Downloading https://repo.maven.apache.org/maven2/org/eclipse/jetty/jetty-http/9.3.5.v20151012/jetty-http-9.3.5.v20151012.jar
2015-11-07 16:52:08,779 [Worker-3] INFO  o.e.m.c.i.e.AbstractTransferListenerAdapter - Downloaded https://repo.maven.apache.org/maven2/org/eclipse/jetty/jetty-http/9.3.5.v20151012/jetty-http-9.3.5.v20151012.jar
2015-11-07 16:52:08,797 [Worker-3] INFO  o.e.m.c.i.e.AbstractTransferListenerAdapter - Downloading https://repo.maven.apache.org/maven2/org/eclipse/jetty/jetty-util/9.3.5.v20151012/jetty-util-9.3.5.v20151012.jar
2015-11-07 16:52:08,860 [Worker-3] INFO  o.e.m.c.i.e.AbstractTransferListenerAdapter - Downloaded https://repo.maven.apache.org/maven2/org/eclipse/jetty/jetty-util/9.3.5.v20151012/jetty-util-9.3.5.v20151012.jar
2015-11-07 16:52:08,877 [Worker-3] INFO  o.e.m.c.i.e.AbstractTransferListenerAdapter - Downloading https://repo.maven.apache.org/maven2/org/eclipse/jetty/jetty-io/9.3.5.v20151012/jetty-io-9.3.5.v20151012.jar
2015-11-07 16:52:08,900 [Worker-3] INFO  o.e.m.c.i.e.AbstractTransferListenerAdapter - Downloaded https://repo.maven.apache.org/maven2/org/eclipse/jetty/jetty-io/9.3.5.v20151012/jetty-io-9.3.5.v20151012.jar
2015-11-07 16:52:26,830 [Worker-9] INFO  o.e.m.c.i.p.ProjectConfigurationManager - Update started
2015-11-07 16:52:27,331 [Worker-9] INFO  o.e.m.c.i.l.LifecycleMappingFactory - Using org.maven.ide.eclipse.wtp.WarLifecycleMapping lifecycle mapping for MavenProject: Server:Server:0.0.1-SNAPSHOT @ /home/misha/Documents/gitfiles/AstonHack/java/Server/pom.xml.
2015-11-07 16:52:27,886 [Worker-9] INFO  o.e.m.j.i.AbstractJavaProjectConfigurator - Adding source folder /Server/src
2015-11-07 16:52:27,886 [Worker-9] INFO  o.e.m.j.i.AbstractJavaProjectConfigurator - Not adding source folder /Server/src/test/java because it overlaps with /Server/src
2015-11-07 16:52:28,206 [Worker-9] INFO  o.e.m.w.i.f.ResourceFilteringBuildParticipant - Cleaning filtered folder for Server
2015-11-07 16:52:28,209 [Worker-9] INFO  o.e.m.c.i.p.ProjectConfigurationManager - Update completed: 1 sec
2015-11-07 16:54:28,793 [Worker-15] INFO  o.e.m.c.i.e.AbstractTransferListenerAdapter - Downloading https://repo.maven.apache.org/maven2/org/eclipse/jetty/jetty-websocket/8.1.18.v20150929/jetty-websocket-8.1.18.v20150929.pom
2015-11-07 16:54:28,882 [Worker-15] INFO  o.e.m.c.i.e.AbstractTransferListenerAdapter - Downloaded https://repo.maven.apache.org/maven2/org/eclipse/jetty/jetty-websocket/8.1.18.v20150929/jetty-websocket-8.1.18.v20150929.pom
2015-11-07 16:54:28,906 [Worker-15] INFO  o.e.m.c.i.e.AbstractTransferListenerAdapter - Downloading https://repo.maven.apache.org/maven2/org/eclipse/jetty/jetty-project/8.1.18.v20150929/jetty-project-8.1.18.v20150929.pom
2015-11-07 16:54:28,922 [Worker-15] INFO  o.e.m.c.i.e.AbstractTransferListenerAdapter - Downloaded https://repo.maven.apache.org/maven2/org/eclipse/jetty/jetty-project/8.1.18.v20150929/jetty-project-8.1.18.v20150929.pom
2015-11-07 16:54:28,939 [Worker-15] INFO  o.e.m.c.i.e.AbstractTransferListenerAdapter - Downloading https://repo.maven.apache.org/maven2/org/eclipse/jetty/jetty-parent/20/jetty-parent-20.pom
2015-11-07 16:54:28,952 [Worker-15] INFO  o.e.m.c.i.e.AbstractTransferListenerAdapter - Downloaded https://repo.maven.apache.org/maven2/org/eclipse/jetty/jetty-parent/20/jetty-parent-20.pom
2015-11-07 16:54:28,966 [Worker-15] INFO  o.e.m.c.i.e.AbstractTransferListenerAdapter - Downloading https://repo.maven.apache.org/maven2/org/eclipse/jetty/jetty-util/8.1.18.v20150929/jetty-util-8.1.18.v20150929.pom
2015-11-07 16:54:28,980 [Worker-15] INFO  o.e.m.c.i.e.AbstractTransferListenerAdapter - Downloaded https://repo.maven.apache.org/maven2/org/eclipse/jetty/jetty-util/8.1.18.v20150929/jetty-util-8.1.18.v20150929.pom
2015-11-07 16:54:28,997 [Worker-15] INFO  o.e.m.c.i.e.AbstractTransferListenerAdapter - Downloading https://repo.maven.apache.org/maven2/org/eclipse/jetty/jetty-io/8.1.18.v20150929/jetty-io-8.1.18.v20150929.pom
2015-11-07 16:54:29,018 [Worker-15] INFO  o.e.m.c.i.e.AbstractTransferListenerAdapter - Downloaded https://repo.maven.apache.org/maven2/org/eclipse/jetty/jetty-io/8.1.18.v20150929/jetty-io-8.1.18.v20150929.pom
2015-11-07 16:54:29,037 [Worker-15] INFO  o.e.m.c.i.e.AbstractTransferListenerAdapter - Downloading https://repo.maven.apache.org/maven2/org/eclipse/jetty/jetty-http/8.1.18.v20150929/jetty-http-8.1.18.v20150929.pom
2015-11-07 16:54:29,052 [Worker-15] INFO  o.e.m.c.i.e.AbstractTransferListenerAdapter - Downloaded https://repo.maven.apache.org/maven2/org/eclipse/jetty/jetty-http/8.1.18.v20150929/jetty-http-8.1.18.v20150929.pom
2015-11-07 16:54:29,158 [Worker-15] INFO  o.e.m.c.i.e.AbstractTransferListenerAdapter - Downloading https://repo.maven.apache.org/maven2/org/eclipse/jetty/jetty-websocket/8.1.18.v20150929/jetty-websocket-8.1.18.v20150929.jar
2015-11-07 16:54:29,285 [Worker-15] INFO  o.e.m.c.i.e.AbstractTransferListenerAdapter - Downloaded https://repo.maven.apache.org/maven2/org/eclipse/jetty/jetty-websocket/8.1.18.v20150929/jetty-websocket-8.1.18.v20150929.jar
2015-11-07 16:54:29,306 [Worker-15] INFO  o.e.m.c.i.e.AbstractTransferListenerAdapter - Downloading https://repo.maven.apache.org/maven2/org/eclipse/jetty/jetty-util/8.1.18.v20150929/jetty-util-8.1.18.v20150929.jar
2015-11-07 16:54:29,374 [Worker-15] INFO  o.e.m.c.i.e.AbstractTransferListenerAdapter - Downloaded https://repo.maven.apache.org/maven2/org/eclipse/jetty/jetty-util/8.1.18.v20150929/jetty-util-8.1.18.v20150929.jar
2015-11-07 16:54:29,390 [Worker-15] INFO  o.e.m.c.i.e.AbstractTransferListenerAdapter - Downloading https://repo.maven.apache.org/maven2/org/eclipse/jetty/jetty-io/8.1.18.v20150929/jetty-io-8.1.18.v20150929.jar
2015-11-07 16:54:29,415 [Worker-15] INFO  o.e.m.c.i.e.AbstractTransferListenerAdapter - Downloaded https://repo.maven.apache.org/maven2/org/eclipse/jetty/jetty-io/8.1.18.v20150929/jetty-io-8.1.18.v20150929.jar
2015-11-07 16:54:29,432 [Worker-15] INFO  o.e.m.c.i.e.AbstractTransferListenerAdapter - Downloading https://repo.maven.apache.org/maven2/org/eclipse/jetty/jetty-http/8.1.18.v20150929/jetty-http-8.1.18.v20150929.jar
2015-11-07 16:54:29,524 [Worker-15] INFO  o.e.m.c.i.e.AbstractTransferListenerAdapter - Downloaded https://repo.maven.apache.org/maven2/org/eclipse/jetty/jetty-http/8.1.18.v20150929/jetty-http-8.1.18.v20150929.jar
2015-11-07 16:54:41,037 [Worker-9] INFO  o.e.m.c.i.p.ProjectConfigurationManager - Update started
2015-11-07 16:54:41,458 [Worker-9] INFO  o.e.m.c.i.l.LifecycleMappingFactory - Using org.maven.ide.eclipse.wtp.WarLifecycleMapping lifecycle mapping for MavenProject: Server:Server:0.0.1-SNAPSHOT @ /home/misha/Documents/gitfiles/AstonHack/java/Server/pom.xml.
2015-11-07 16:54:41,894 [Worker-9] INFO  o.e.m.j.i.AbstractJavaProjectConfigurator - Adding source folder /Server/src
2015-11-07 16:54:41,895 [Worker-9] INFO  o.e.m.j.i.AbstractJavaProjectConfigurator - Not adding source folder /Server/src/test/java because it overlaps with /Server/src
2015-11-07 16:54:42,012 [Worker-9] INFO  o.e.m.w.i.f.ResourceFilteringBuildParticipant - Cleaning filtered folder for Server
2015-11-07 16:54:42,014 [Worker-9] INFO  o.e.m.c.i.p.ProjectConfigurationManager - Update completed: 0 sec
2015-11-07 16:56:34,577 [Worker-3] INFO  o.e.m.c.i.p.ProjectConfigurationManager - Update started
2015-11-07 16:56:34,988 [Worker-3] INFO  o.e.m.c.i.l.LifecycleMappingFactory - Using org.maven.ide.eclipse.wtp.WarLifecycleMapping lifecycle mapping for MavenProject: Server:Server:0.0.1-SNAPSHOT @ /home/misha/Documents/gitfiles/AstonHack/java/Server/pom.xml.
2015-11-07 16:56:35,001 [Worker-3] WARN  o.e.m.c.i.embedder.EclipseLogger - The POM for org.eclipse.jetty:jetty-maven-plugin:jar:9.3.1-SNAPSHOT is missing, no dependency information available
2015-11-07 16:56:35,005 [Worker-3] WARN  o.e.m.c.i.embedder.EclipseLogger - Failed to retrieve plugin descriptor for org.eclipse.jetty:jetty-maven-plugin:9.3.1-SNAPSHOT: Plugin org.eclipse.jetty:jetty-maven-plugin:9.3.1-SNAPSHOT or one of its dependencies could not be resolved: Could not find artifact org.eclipse.jetty:jetty-maven-plugin:jar:9.3.1-SNAPSHOT
2015-11-07 16:56:35,006 [Worker-3] WARN  o.e.m.c.i.embedder.EclipseLogger - The POM for org.eclipse.jetty:jetty-maven-plugin:jar:9.3.1-SNAPSHOT is missing, no dependency information available
2015-11-07 16:56:35,007 [Worker-3] WARN  o.e.m.c.i.embedder.EclipseLogger - Failed to retrieve plugin descriptor for org.eclipse.jetty:jetty-maven-plugin:9.3.1-SNAPSHOT: Plugin org.eclipse.jetty:jetty-maven-plugin:9.3.1-SNAPSHOT or one of its dependencies could not be resolved: Could not find artifact org.eclipse.jetty:jetty-maven-plugin:jar:9.3.1-SNAPSHOT
2015-11-07 16:56:35,342 [Worker-3] INFO  o.e.m.j.i.AbstractJavaProjectConfigurator - Adding source folder /Server/src
2015-11-07 16:56:35,342 [Worker-3] INFO  o.e.m.j.i.AbstractJavaProjectConfigurator - Not adding source folder /Server/src/test/java because it overlaps with /Server/src
2015-11-07 16:56:35,369 [Worker-3] WARN  o.e.m.c.i.embedder.EclipseLogger - The POM for org.eclipse.jetty:jetty-maven-plugin:jar:9.3.1-SNAPSHOT is missing, no dependency information available
2015-11-07 16:56:35,370 [Worker-3] WARN  o.e.m.c.i.embedder.EclipseLogger - Failed to retrieve plugin descriptor for org.eclipse.jetty:jetty-maven-plugin:9.3.1-SNAPSHOT: Plugin org.eclipse.jetty:jetty-maven-plugin:9.3.1-SNAPSHOT or one of its dependencies could not be resolved: Could not find artifact org.eclipse.jetty:jetty-maven-plugin:jar:9.3.1-SNAPSHOT
2015-11-07 16:56:35,371 [Worker-3] WARN  o.e.m.c.i.embedder.EclipseLogger - The POM for org.eclipse.jetty:jetty-maven-plugin:jar:9.3.1-SNAPSHOT is missing, no dependency information available
2015-11-07 16:56:35,372 [Worker-3] WARN  o.e.m.c.i.embedder.EclipseLogger - Failed to retrieve plugin descriptor for org.eclipse.jetty:jetty-maven-plugin:9.3.1-SNAPSHOT: Plugin org.eclipse.jetty:jetty-maven-plugin:9.3.1-SNAPSHOT or one of its dependencies could not be resolved: Could not find artifact org.eclipse.jetty:jetty-maven-plugin:jar:9.3.1-SNAPSHOT
2015-11-07 16:56:35,409 [Worker-3] INFO  o.e.m.w.i.f.ResourceFilteringBuildParticipant - Cleaning filtered folder for Server
2015-11-07 16:56:35,410 [Worker-3] INFO  o.e.m.c.i.p.ProjectConfigurationManager - Update completed: 0 sec
2015-11-07 16:57:06,577 [Worker-7] INFO  o.e.m.c.i.p.ProjectConfigurationManager - Update started
2015-11-07 16:57:06,933 [Worker-7] INFO  o.e.m.c.i.l.LifecycleMappingFactory - Using org.maven.ide.eclipse.wtp.WarLifecycleMapping lifecycle mapping for MavenProject: Server:Server:0.0.1-SNAPSHOT @ /home/misha/Documents/gitfiles/AstonHack/java/Server/pom.xml.
2015-11-07 16:57:06,939 [Worker-7] WARN  o.e.m.c.i.embedder.EclipseLogger - The POM for org.eclipse.jetty:jetty-maven-plugin:jar:9.3.1-SNAPSHOT is missing, no dependency information available
2015-11-07 16:57:06,940 [Worker-7] WARN  o.e.m.c.i.embedder.EclipseLogger - Failed to retrieve plugin descriptor for org.eclipse.jetty:jetty-maven-plugin:9.3.1-SNAPSHOT: Plugin org.eclipse.jetty:jetty-maven-plugin:9.3.1-SNAPSHOT or one of its dependencies could not be resolved: Could not find artifact org.eclipse.jetty:jetty-maven-plugin:jar:9.3.1-SNAPSHOT
2015-11-07 16:57:06,941 [Worker-7] WARN  o.e.m.c.i.embedder.EclipseLogger - The POM for org.eclipse.jetty:jetty-maven-plugin:jar:9.3.1-SNAPSHOT is missing, no dependency information available
2015-11-07 16:57:06,943 [Worker-7] WARN  o.e.m.c.i.embedder.EclipseLogger - Failed to retrieve plugin descriptor for org.eclipse.jetty:jetty-maven-plugin:9.3.1-SNAPSHOT: Plugin org.eclipse.jetty:jetty-maven-plugin:9.3.1-SNAPSHOT or one of its dependencies could not be resolved: Could not find artifact org.eclipse.jetty:jetty-maven-plugin:jar:9.3.1-SNAPSHOT
2015-11-07 16:57:07,372 [Worker-7] INFO  o.e.m.j.i.AbstractJavaProjectConfigurator - Adding source folder /Server/src
2015-11-07 16:57:07,372 [Worker-7] INFO  o.e.m.j.i.AbstractJavaProjectConfigurator - Not adding source folder /Server/src/test/java because it overlaps with /Server/src
2015-11-07 16:57:07,505 [Worker-7] WARN  o.e.m.c.i.embedder.EclipseLogger - The POM for org.eclipse.jetty:jetty-maven-plugin:jar:9.3.1-SNAPSHOT is missing, no dependency information available
2015-11-07 16:57:07,506 [Worker-7] WARN  o.e.m.c.i.embedder.EclipseLogger - Failed to retrieve plugin descriptor for org.eclipse.jetty:jetty-maven-plugin:9.3.1-SNAPSHOT: Plugin org.eclipse.jetty:jetty-maven-plugin:9.3.1-SNAPSHOT or one of its dependencies could not be resolved: Could not find artifact org.eclipse.jetty:jetty-maven-plugin:jar:9.3.1-SNAPSHOT
2015-11-07 16:57:07,508 [Worker-7] WARN  o.e.m.c.i.embedder.EclipseLogger - The POM for org.eclipse.jetty:jetty-maven-plugin:jar:9.3.1-SNAPSHOT is missing, no dependency information available
2015-11-07 16:57:07,509 [Worker-7] WARN  o.e.m.c.i.embedder.EclipseLogger - Failed to retrieve plugin descriptor for org.eclipse.jetty:jetty-maven-plugin:9.3.1-SNAPSHOT: Plugin org.eclipse.jetty:jetty-maven-plugin:9.3.1-SNAPSHOT or one of its dependencies could not be resolved: Could not find artifact org.eclipse.jetty:jetty-maven-plugin:jar:9.3.1-SNAPSHOT
2015-11-07 16:57:07,548 [Worker-7] INFO  o.e.m.w.i.f.ResourceFilteringBuildParticipant - Cleaning filtered folder for Server
2015-11-07 16:57:07,554 [Worker-7] INFO  o.e.m.c.i.p.ProjectConfigurationManager - Update completed: 0 sec
2015-11-07 17:09:49,353 [Worker-14] INFO  o.e.m.c.i.p.ProjectConfigurationManager - Update started
2015-11-07 17:09:49,743 [Worker-14] INFO  o.e.m.c.i.l.LifecycleMappingFactory - Using org.maven.ide.eclipse.wtp.WarLifecycleMapping lifecycle mapping for MavenProject: Server:Server:0.0.1-SNAPSHOT @ /home/misha/Documents/gitfiles/AstonHack/java/Server/pom.xml.
2015-11-07 17:09:49,997 [Worker-14] INFO  o.e.m.c.i.e.AbstractTransferListenerAdapter - Downloading https://repo.maven.apache.org/maven2/org/apache/tomcat/tomcat-catalina/8.0.28/tomcat-catalina-8.0.28.pom
2015-11-07 17:09:50,021 [Worker-14] INFO  o.e.m.c.i.e.AbstractTransferListenerAdapter - Downloaded https://repo.maven.apache.org/maven2/org/apache/tomcat/tomcat-catalina/8.0.28/tomcat-catalina-8.0.28.pom
2015-11-07 17:09:50,036 [Worker-14] INFO  o.e.m.c.i.e.AbstractTransferListenerAdapter - Downloading https://repo.maven.apache.org/maven2/org/apache/tomcat/tomcat-servlet-api/8.0.28/tomcat-servlet-api-8.0.28.pom
2015-11-07 17:09:50,052 [Worker-14] INFO  o.e.m.c.i.e.AbstractTransferListenerAdapter - Downloaded https://repo.maven.apache.org/maven2/org/apache/tomcat/tomcat-servlet-api/8.0.28/tomcat-servlet-api-8.0.28.pom
2015-11-07 17:09:50,071 [Worker-14] INFO  o.e.m.c.i.e.AbstractTransferListenerAdapter - Downloading https://repo.maven.apache.org/maven2/org/apache/tomcat/tomcat-jsp-api/8.0.28/tomcat-jsp-api-8.0.28.pom
2015-11-07 17:09:50,088 [Worker-14] INFO  o.e.m.c.i.e.AbstractTransferListenerAdapter - Downloaded https://repo.maven.apache.org/maven2/org/apache/tomcat/tomcat-jsp-api/8.0.28/tomcat-jsp-api-8.0.28.pom
2015-11-07 17:09:50,181 [Worker-14] INFO  o.e.m.c.i.e.AbstractTransferListenerAdapter - Downloading https://repo.maven.apache.org/maven2/org/apache/tomcat/tomcat-el-api/8.0.28/tomcat-el-api-8.0.28.pom
2015-11-07 17:09:50,206 [Worker-14] INFO  o.e.m.c.i.e.AbstractTransferListenerAdapter - Downloaded https://repo.maven.apache.org/maven2/org/apache/tomcat/tomcat-el-api/8.0.28/tomcat-el-api-8.0.28.pom
2015-11-07 17:09:50,229 [Worker-14] INFO  o.e.m.c.i.e.AbstractTransferListenerAdapter - Downloading https://repo.maven.apache.org/maven2/org/apache/tomcat/tomcat-juli/8.0.28/tomcat-juli-8.0.28.pom
2015-11-07 17:09:50,243 [Worker-14] INFO  o.e.m.c.i.e.AbstractTransferListenerAdapter - Downloaded https://repo.maven.apache.org/maven2/org/apache/tomcat/tomcat-juli/8.0.28/tomcat-juli-8.0.28.pom
2015-11-07 17:09:50,260 [Worker-14] INFO  o.e.m.c.i.e.AbstractTransferListenerAdapter - Downloading https://repo.maven.apache.org/maven2/org/apache/tomcat/tomcat-annotations-api/8.0.28/tomcat-annotations-api-8.0.28.pom
2015-11-07 17:09:50,272 [Worker-14] INFO  o.e.m.c.i.e.AbstractTransferListenerAdapter - Downloaded https://repo.maven.apache.org/maven2/org/apache/tomcat/tomcat-annotations-api/8.0.28/tomcat-annotations-api-8.0.28.pom
2015-11-07 17:09:50,288 [Worker-14] INFO  o.e.m.c.i.e.AbstractTransferListenerAdapter - Downloading https://repo.maven.apache.org/maven2/org/apache/tomcat/tomcat-api/8.0.28/tomcat-api-8.0.28.pom
2015-11-07 17:09:50,303 [Worker-14] INFO  o.e.m.c.i.e.AbstractTransferListenerAdapter - Downloaded https://repo.maven.apache.org/maven2/org/apache/tomcat/tomcat-api/8.0.28/tomcat-api-8.0.28.pom
2015-11-07 17:09:50,326 [Worker-14] INFO  o.e.m.c.i.e.AbstractTransferListenerAdapter - Downloading https://repo.maven.apache.org/maven2/org/apache/tomcat/tomcat-jni/8.0.28/tomcat-jni-8.0.28.pom
2015-11-07 17:09:50,348 [Worker-14] INFO  o.e.m.c.i.e.AbstractTransferListenerAdapter - Downloaded https://repo.maven.apache.org/maven2/org/apache/tomcat/tomcat-jni/8.0.28/tomcat-jni-8.0.28.pom
2015-11-07 17:09:50,369 [Worker-14] INFO  o.e.m.c.i.e.AbstractTransferListenerAdapter - Downloading https://repo.maven.apache.org/maven2/org/apache/tomcat/tomcat-coyote/8.0.28/tomcat-coyote-8.0.28.pom
2015-11-07 17:09:50,382 [Worker-14] INFO  o.e.m.c.i.e.AbstractTransferListenerAdapter - Downloaded https://repo.maven.apache.org/maven2/org/apache/tomcat/tomcat-coyote/8.0.28/tomcat-coyote-8.0.28.pom
2015-11-07 17:09:50,395 [Worker-14] INFO  o.e.m.c.i.e.AbstractTransferListenerAdapter - Downloading https://repo.maven.apache.org/maven2/org/apache/tomcat/tomcat-util/8.0.28/tomcat-util-8.0.28.pom
2015-11-07 17:09:50,414 [Worker-14] INFO  o.e.m.c.i.e.AbstractTransferListenerAdapter - Downloaded https://repo.maven.apache.org/maven2/org/apache/tomcat/tomcat-util/8.0.28/tomcat-util-8.0.28.pom
2015-11-07 17:09:50,440 [Worker-14] INFO  o.e.m.c.i.e.AbstractTransferListenerAdapter - Downloading https://repo.maven.apache.org/maven2/org/apache/tomcat/tomcat-util-scan/8.0.28/tomcat-util-scan-8.0.28.pom
2015-11-07 17:09:50,463 [Worker-14] INFO  o.e.m.c.i.e.AbstractTransferListenerAdapter - Downloaded https://repo.maven.apache.org/maven2/org/apache/tomcat/tomcat-util-scan/8.0.28/tomcat-util-scan-8.0.28.pom
2015-11-07 17:09:50,506 [Worker-14] INFO  o.e.m.c.i.e.AbstractTransferListenerAdapter - Downloading https://repo.maven.apache.org/maven2/org/apache/tomcat/tomcat-catalina/8.0.28/tomcat-catalina-8.0.28.jar
2015-11-07 17:09:51,223 [Worker-14] INFO  o.e.m.c.i.e.AbstractTransferListenerAdapter - Downloaded https://repo.maven.apache.org/maven2/org/apache/tomcat/tomcat-catalina/8.0.28/tomcat-catalina-8.0.28.jar
2015-11-07 17:09:51,385 [Worker-14] INFO  o.e.m.c.i.e.AbstractTransferListenerAdapter - Downloading https://repo.maven.apache.org/maven2/org/apache/tomcat/tomcat-servlet-api/8.0.28/tomcat-servlet-api-8.0.28.jar
2015-11-07 17:09:51,460 [Worker-14] INFO  o.e.m.c.i.e.AbstractTransferListenerAdapter - Downloaded https://repo.maven.apache.org/maven2/org/apache/tomcat/tomcat-servlet-api/8.0.28/tomcat-servlet-api-8.0.28.jar
2015-11-07 17:09:51,484 [Worker-14] INFO  o.e.m.c.i.e.AbstractTransferListenerAdapter - Downloading https://repo.maven.apache.org/maven2/org/apache/tomcat/tomcat-jsp-api/8.0.28/tomcat-jsp-api-8.0.28.jar
2015-11-07 17:09:51,527 [Worker-14] INFO  o.e.m.c.i.e.AbstractTransferListenerAdapter - Downloaded https://repo.maven.apache.org/maven2/org/apache/tomcat/tomcat-jsp-api/8.0.28/tomcat-jsp-api-8.0.28.jar
2015-11-07 17:09:51,571 [Worker-14] INFO  o.e.m.c.i.e.AbstractTransferListenerAdapter - Downloading https://repo.maven.apache.org/maven2/org/apache/tomcat/tomcat-el-api/8.0.28/tomcat-el-api-8.0.28.jar
2015-11-07 17:09:51,600 [Worker-14] INFO  o.e.m.c.i.e.AbstractTransferListenerAdapter - Downloaded https://repo.maven.apache.org/maven2/org/apache/tomcat/tomcat-el-api/8.0.28/tomcat-el-api-8.0.28.jar
2015-11-07 17:09:51,618 [Worker-14] INFO  o.e.m.c.i.e.AbstractTransferListenerAdapter - Downloading https://repo.maven.apache.org/maven2/org/apache/tomcat/tomcat-juli/8.0.28/tomcat-juli-8.0.28.jar
2015-11-07 17:09:51,641 [Worker-14] INFO  o.e.m.c.i.e.AbstractTransferListenerAdapter - Downloaded https://repo.maven.apache.org/maven2/org/apache/tomcat/tomcat-juli/8.0.28/tomcat-juli-8.0.28.jar
2015-11-07 17:09:51,662 [Worker-14] INFO  o.e.m.c.i.e.AbstractTransferListenerAdapter - Downloading https://repo.maven.apache.org/maven2/org/apache/tomcat/tomcat-annotations-api/8.0.28/tomcat-annotations-api-8.0.28.jar
2015-11-07 17:09:51,675 [Worker-14] INFO  o.e.m.c.i.e.AbstractTransferListenerAdapter - Downloaded https://repo.maven.apache.org/maven2/org/apache/tomcat/tomcat-annotations-api/8.0.28/tomcat-annotations-api-8.0.28.jar
2015-11-07 17:09:51,706 [Worker-14] INFO  o.e.m.c.i.e.AbstractTransferListenerAdapter - Downloading https://repo.maven.apache.org/maven2/org/apache/tomcat/tomcat-api/8.0.28/tomcat-api-8.0.28.jar
2015-11-07 17:09:51,729 [Worker-14] INFO  o.e.m.c.i.e.AbstractTransferListenerAdapter - Downloaded https://repo.maven.apache.org/maven2/org/apache/tomcat/tomcat-api/8.0.28/tomcat-api-8.0.28.jar
2015-11-07 17:09:51,759 [Worker-14] INFO  o.e.m.c.i.e.AbstractTransferListenerAdapter - Downloading https://repo.maven.apache.org/maven2/org/apache/tomcat/tomcat-jni/8.0.28/tomcat-jni-8.0.28.jar
2015-11-07 17:09:51,803 [Worker-14] INFO  o.e.m.c.i.e.AbstractTransferListenerAdapter - Downloaded https://repo.maven.apache.org/maven2/org/apache/tomcat/tomcat-jni/8.0.28/tomcat-jni-8.0.28.jar
2015-11-07 17:09:51,829 [Worker-14] INFO  o.e.m.c.i.e.AbstractTransferListenerAdapter - Downloading https://repo.maven.apache.org/maven2/org/apache/tomcat/tomcat-coyote/8.0.28/tomcat-coyote-8.0.28.jar
2015-11-07 17:09:52,135 [Worker-14] INFO  o.e.m.c.i.e.AbstractTransferListenerAdapter - Downloaded https://repo.maven.apache.org/maven2/org/apache/tomcat/tomcat-coyote/8.0.28/tomcat-coyote-8.0.28.jar
2015-11-07 17:09:52,182 [Worker-14] INFO  o.e.m.c.i.e.AbstractTransferListenerAdapter - Downloading https://repo.maven.apache.org/maven2/org/apache/tomcat/tomcat-util/8.0.28/tomcat-util-8.0.28.jar
2015-11-07 17:09:52,418 [Worker-14] INFO  o.e.m.c.i.e.AbstractTransferListenerAdapter - Downloaded https://repo.maven.apache.org/maven2/org/apache/tomcat/tomcat-util/8.0.28/tomcat-util-8.0.28.jar
2015-11-07 17:09:52,495 [Worker-14] INFO  o.e.m.c.i.e.AbstractTransferListenerAdapter - Downloading https://repo.maven.apache.org/maven2/org/apache/tomcat/tomcat-util-scan/8.0.28/tomcat-util-scan-8.0.28.jar
2015-11-07 17:09:52,618 [Worker-14] INFO  o.e.m.c.i.e.AbstractTransferListenerAdapter - Downloaded https://repo.maven.apache.org/maven2/org/apache/tomcat/tomcat-util-scan/8.0.28/tomcat-util-scan-8.0.28.jar
2015-11-07 17:09:53,449 [Worker-14] INFO  o.e.m.j.i.AbstractJavaProjectConfigurator - Adding source folder /Server/src
2015-11-07 17:09:53,449 [Worker-14] INFO  o.e.m.j.i.AbstractJavaProjectConfigurator - Not adding source folder /Server/src/test/java because it overlaps with /Server/src
2015-11-07 17:09:53,776 [Worker-14] INFO  o.e.m.w.i.f.ResourceFilteringBuildParticipant - Cleaning filtered folder for Server
2015-11-07 17:09:53,778 [Worker-14] INFO  o.e.m.c.i.p.ProjectConfigurationManager - Update completed: 4 sec
2015-11-07 17:17:48,675 [Worker-16] WARN  o.e.m.c.i.embedder.EclipseLogger - Using platform encoding (UTF-8 actually) to copy filtered resources, i.e. build is platform dependent!
2015-11-07 17:17:48,675 [Worker-16] INFO  o.e.m.c.i.embedder.EclipseLogger - skip non existing resourceDirectory /home/misha/Documents/gitfiles/AstonHack/java/Server/src/main/resources
2015-11-07 17:17:48,677 [Worker-16] WARN  o.e.m.c.i.embedder.EclipseLogger - Using platform encoding (UTF-8 actually) to copy filtered resources, i.e. build is platform dependent!
2015-11-07 17:17:48,678 [Worker-16] INFO  o.e.m.c.i.embedder.EclipseLogger - skip non existing resourceDirectory /home/misha/Documents/gitfiles/AstonHack/java/Server/src/test/resources
2015-11-07 17:17:48,678 [Worker-16] INFO  o.e.m.w.i.f.ResourceFilteringBuildParticipant - Changed resources require a complete clean of filtered resources of Server
2015-11-07 17:17:48,681 [Worker-16] INFO  o.e.m.w.i.f.ResourceFilteringBuildParticipant - Executing resource filtering for Server
2015-11-07 17:17:48,688 [Worker-16] WARN  o.e.m.c.i.embedder.EclipseLogger - Using platform encoding (UTF-8 actually) to copy filtered resources, i.e. build is platform dependent!
2015-11-07 17:18:31,968 [Worker-14] WARN  o.e.m.c.i.embedder.EclipseLogger - Using platform encoding (UTF-8 actually) to copy filtered resources, i.e. build is platform dependent!
2015-11-07 17:18:31,968 [Worker-14] INFO  o.e.m.c.i.embedder.EclipseLogger - skip non existing resourceDirectory /home/misha/Documents/gitfiles/AstonHack/java/Server/src/main/resources
2015-11-07 17:18:31,969 [Worker-14] WARN  o.e.m.c.i.embedder.EclipseLogger - Using platform encoding (UTF-8 actually) to copy filtered resources, i.e. build is platform dependent!
2015-11-07 17:18:31,970 [Worker-14] INFO  o.e.m.c.i.embedder.EclipseLogger - skip non existing resourceDirectory /home/misha/Documents/gitfiles/AstonHack/java/Server/src/test/resources
2015-11-07 17:21:40,963 [Worker-17] INFO  o.e.m.c.i.p.ProjectConfigurationManager - Update started
2015-11-07 17:21:41,267 [Worker-17] INFO  o.e.m.c.i.l.LifecycleMappingFactory - Using org.maven.ide.eclipse.wtp.WarLifecycleMapping lifecycle mapping for MavenProject: Server:Server:0.0.1-SNAPSHOT @ /home/misha/Documents/gitfiles/AstonHack/java/Server/pom.xml.
2015-11-07 17:21:41,635 [Worker-17] INFO  o.e.m.c.i.e.AbstractTransferListenerAdapter - Downloading https://repo.maven.apache.org/maven2/javax/servlet/javax.servlet-api/3.0.1/javax.servlet-api-3.0.1.pom
2015-11-07 17:21:41,720 [Worker-17] INFO  o.e.m.c.i.e.AbstractTransferListenerAdapter - Downloaded https://repo.maven.apache.org/maven2/javax/servlet/javax.servlet-api/3.0.1/javax.servlet-api-3.0.1.pom
2015-11-07 17:21:41,790 [Worker-17] INFO  o.e.m.c.i.e.AbstractTransferListenerAdapter - Downloading https://repo.maven.apache.org/maven2/javax/servlet/javax.servlet-api/3.0.1/javax.servlet-api-3.0.1.jar
2015-11-07 17:21:41,913 [Worker-17] INFO  o.e.m.c.i.e.AbstractTransferListenerAdapter - Downloaded https://repo.maven.apache.org/maven2/javax/servlet/javax.servlet-api/3.0.1/javax.servlet-api-3.0.1.jar
2015-11-07 17:21:42,372 [Worker-17] INFO  o.e.m.j.i.AbstractJavaProjectConfigurator - Adding source folder /Server/src
2015-11-07 17:21:42,372 [Worker-17] INFO  o.e.m.j.i.AbstractJavaProjectConfigurator - Not adding source folder /Server/src/test/java because it overlaps with /Server/src
2015-11-07 17:21:42,577 [Worker-17] INFO  o.e.m.w.i.f.ResourceFilteringBuildParticipant - Cleaning filtered folder for Server
2015-11-07 17:21:42,579 [Worker-17] INFO  o.e.m.c.i.p.ProjectConfigurationManager - Update completed: 1 sec
2015-11-07 17:23:34,192 [Worker-16] WARN  o.e.m.c.i.embedder.EclipseLogger - Using platform encoding (UTF-8 actually) to copy filtered resources, i.e. build is platform dependent!
2015-11-07 17:23:34,192 [Worker-16] INFO  o.e.m.c.i.embedder.EclipseLogger - skip non existing resourceDirectory /home/misha/Documents/gitfiles/AstonHack/java/Server/src/main/resources
2015-11-07 17:23:34,195 [Worker-16] WARN  o.e.m.c.i.embedder.EclipseLogger - Using platform encoding (UTF-8 actually) to copy filtered resources, i.e. build is platform dependent!
2015-11-07 17:23:34,195 [Worker-16] INFO  o.e.m.c.i.embedder.EclipseLogger - skip non existing resourceDirectory /home/misha/Documents/gitfiles/AstonHack/java/Server/src/test/resources
2015-11-07 17:23:34,195 [Worker-16] INFO  o.e.m.w.i.f.ResourceFilteringBuildParticipant - Changed resources require a complete clean of filtered resources of Server
2015-11-07 17:23:34,195 [Worker-16] INFO  o.e.m.w.i.f.ResourceFilteringBuildParticipant - Executing resource filtering for Server
2015-11-07 17:23:34,204 [Worker-16] WARN  o.e.m.c.i.embedder.EclipseLogger - Using platform encoding (UTF-8 actually) to copy filtered resources, i.e. build is platform dependent!
2015-11-07 17:42:20,906 [main] ERROR o.e.m2e.editor.pom.OverviewPage - Failed to populate overview panel
java.lang.NullPointerException: null
	at org.eclipse.m2e.core.ui.internal.editing.PomEdits.performOnDOMDocument(PomEdits.java:510) ~[org.eclipse.m2e.core.ui_1.6.2.20150902-0002.jar:na]
	at org.eclipse.m2e.editor.pom.OverviewPage$17.run(OverviewPage.java:1129) ~[na:na]
	at org.eclipse.swt.widgets.RunnableLock.run(RunnableLock.java:35) [org.eclipse.swt.gtk.linux.x86_64_3.104.1.v20150825-0743.jar:na]
	at org.eclipse.swt.widgets.Synchronizer.runAsyncMessages(Synchronizer.java:135) [org.eclipse.swt.gtk.linux.x86_64_3.104.1.v20150825-0743.jar:na]
	at org.eclipse.swt.widgets.Display.runAsyncMessages(Display.java:3794) [org.eclipse.swt.gtk.linux.x86_64_3.104.1.v20150825-0743.jar:na]
	at org.eclipse.swt.widgets.Display.readAndDispatch(Display.java:3433) [org.eclipse.swt.gtk.linux.x86_64_3.104.1.v20150825-0743.jar:na]
	at org.eclipse.e4.ui.internal.workbench.swt.PartRenderingEngine$4.run(PartRenderingEngine.java:1127) [org.eclipse.e4.ui.workbench.swt_0.13.0.v20150504-0621.jar:na]
	at org.eclipse.core.databinding.observable.Realm.runWithDefault(Realm.java:337) [org.eclipse.core.databinding.observable_1.5.0.v20150422-0725.jar:na]
	at org.eclipse.e4.ui.internal.workbench.swt.PartRenderingEngine.run(PartRenderingEngine.java:1018) [org.eclipse.e4.ui.workbench.swt_0.13.0.v20150504-0621.jar:na]
	at org.eclipse.e4.ui.internal.workbench.E4Workbench.createAndRunUI(E4Workbench.java:156) [org.eclipse.e4.ui.workbench_1.3.0.v20150531-1948.jar:na]
	at org.eclipse.ui.internal.Workbench$5.run(Workbench.java:654) [org.eclipse.ui.workbench_3.107.0.v20150825-2206.jar:na]
	at org.eclipse.core.databinding.observable.Realm.runWithDefault(Realm.java:337) [org.eclipse.core.databinding.observable_1.5.0.v20150422-0725.jar:na]
	at org.eclipse.ui.internal.Workbench.createAndRunWorkbench(Workbench.java:598) [org.eclipse.ui.workbench_3.107.0.v20150825-2206.jar:na]
	at org.eclipse.ui.PlatformUI.createAndRunWorkbench(PlatformUI.java:150) [org.eclipse.ui.workbench_3.107.0.v20150825-2206.jar:na]
	at org.eclipse.ui.internal.ide.application.IDEApplication.start(IDEApplication.java:139) [org.eclipse.ui.ide.application_1.1.0.v20150422-0725.jar:na]
	at org.eclipse.equinox.internal.app.EclipseAppHandle.run(EclipseAppHandle.java:196) [org.eclipse.equinox.app_1.3.300.v20150423-1356.jar:na]
	at org.eclipse.core.runtime.internal.adaptor.EclipseAppLauncher.runApplication(EclipseAppLauncher.java:134) [org.eclipse.osgi_3.10.101.v20150820-1432.jar:na]
	at org.eclipse.core.runtime.internal.adaptor.EclipseAppLauncher.start(EclipseAppLauncher.java:104) [org.eclipse.osgi_3.10.101.v20150820-1432.jar:na]
	at org.eclipse.core.runtime.adaptor.EclipseStarter.run(EclipseStarter.java:380) [org.eclipse.osgi_3.10.101.v20150820-1432.jar:na]
	at org.eclipse.core.runtime.adaptor.EclipseStarter.run(EclipseStarter.java:235) [org.eclipse.osgi_3.10.101.v20150820-1432.jar:na]
	at sun.reflect.NativeMethodAccessorImpl.invoke0(Native Method) ~[na:1.8.0_66]
	at sun.reflect.NativeMethodAccessorImpl.invoke(NativeMethodAccessorImpl.java:62) ~[na:1.8.0_66]
	at sun.reflect.DelegatingMethodAccessorImpl.invoke(DelegatingMethodAccessorImpl.java:43) ~[na:1.8.0_66]
	at java.lang.reflect.Method.invoke(Method.java:497) ~[na:1.8.0_66]
	at org.eclipse.equinox.launcher.Main.invokeFramework(Main.java:669) [org.eclipse.equinox.launcher_1.3.100.v20150511-1540.jar:na]
	at org.eclipse.equinox.launcher.Main.basicRun(Main.java:608) [org.eclipse.equinox.launcher_1.3.100.v20150511-1540.jar:na]
	at org.eclipse.equinox.launcher.Main.run(Main.java:1515) [org.eclipse.equinox.launcher_1.3.100.v20150511-1540.jar:na]
	at org.eclipse.equinox.launcher.Main.main(Main.java:1488) [org.eclipse.equinox.launcher_1.3.100.v20150511-1540.jar:na]
2015-11-07 17:42:20,959 [main] ERROR o.e.m2e.editor.pom.OverviewPage - Failed to populate overview panel
java.lang.NullPointerException: null
	at org.eclipse.m2e.core.ui.internal.editing.PomEdits.performOnDOMDocument(PomEdits.java:510) ~[org.eclipse.m2e.core.ui_1.6.2.20150902-0002.jar:na]
	at org.eclipse.m2e.editor.pom.OverviewPage$17.run(OverviewPage.java:1129) ~[na:na]
	at org.eclipse.swt.widgets.RunnableLock.run(RunnableLock.java:35) [org.eclipse.swt.gtk.linux.x86_64_3.104.1.v20150825-0743.jar:na]
	at org.eclipse.swt.widgets.Synchronizer.runAsyncMessages(Synchronizer.java:135) [org.eclipse.swt.gtk.linux.x86_64_3.104.1.v20150825-0743.jar:na]
	at org.eclipse.swt.widgets.Display.runAsyncMessages(Display.java:3794) [org.eclipse.swt.gtk.linux.x86_64_3.104.1.v20150825-0743.jar:na]
	at org.eclipse.swt.widgets.Display.readAndDispatch(Display.java:3433) [org.eclipse.swt.gtk.linux.x86_64_3.104.1.v20150825-0743.jar:na]
	at org.eclipse.e4.ui.internal.workbench.swt.PartRenderingEngine$4.run(PartRenderingEngine.java:1127) [org.eclipse.e4.ui.workbench.swt_0.13.0.v20150504-0621.jar:na]
	at org.eclipse.core.databinding.observable.Realm.runWithDefault(Realm.java:337) [org.eclipse.core.databinding.observable_1.5.0.v20150422-0725.jar:na]
	at org.eclipse.e4.ui.internal.workbench.swt.PartRenderingEngine.run(PartRenderingEngine.java:1018) [org.eclipse.e4.ui.workbench.swt_0.13.0.v20150504-0621.jar:na]
	at org.eclipse.e4.ui.internal.workbench.E4Workbench.createAndRunUI(E4Workbench.java:156) [org.eclipse.e4.ui.workbench_1.3.0.v20150531-1948.jar:na]
	at org.eclipse.ui.internal.Workbench$5.run(Workbench.java:654) [org.eclipse.ui.workbench_3.107.0.v20150825-2206.jar:na]
	at org.eclipse.core.databinding.observable.Realm.runWithDefault(Realm.java:337) [org.eclipse.core.databinding.observable_1.5.0.v20150422-0725.jar:na]
	at org.eclipse.ui.internal.Workbench.createAndRunWorkbench(Workbench.java:598) [org.eclipse.ui.workbench_3.107.0.v20150825-2206.jar:na]
	at org.eclipse.ui.PlatformUI.createAndRunWorkbench(PlatformUI.java:150) [org.eclipse.ui.workbench_3.107.0.v20150825-2206.jar:na]
	at org.eclipse.ui.internal.ide.application.IDEApplication.start(IDEApplication.java:139) [org.eclipse.ui.ide.application_1.1.0.v20150422-0725.jar:na]
	at org.eclipse.equinox.internal.app.EclipseAppHandle.run(EclipseAppHandle.java:196) [org.eclipse.equinox.app_1.3.300.v20150423-1356.jar:na]
	at org.eclipse.core.runtime.internal.adaptor.EclipseAppLauncher.runApplication(EclipseAppLauncher.java:134) [org.eclipse.osgi_3.10.101.v20150820-1432.jar:na]
	at org.eclipse.core.runtime.internal.adaptor.EclipseAppLauncher.start(EclipseAppLauncher.java:104) [org.eclipse.osgi_3.10.101.v20150820-1432.jar:na]
	at org.eclipse.core.runtime.adaptor.EclipseStarter.run(EclipseStarter.java:380) [org.eclipse.osgi_3.10.101.v20150820-1432.jar:na]
	at org.eclipse.core.runtime.adaptor.EclipseStarter.run(EclipseStarter.java:235) [org.eclipse.osgi_3.10.101.v20150820-1432.jar:na]
	at sun.reflect.NativeMethodAccessorImpl.invoke0(Native Method) ~[na:1.8.0_66]
	at sun.reflect.NativeMethodAccessorImpl.invoke(NativeMethodAccessorImpl.java:62) ~[na:1.8.0_66]
	at sun.reflect.DelegatingMethodAccessorImpl.invoke(DelegatingMethodAccessorImpl.java:43) ~[na:1.8.0_66]
	at java.lang.reflect.Method.invoke(Method.java:497) ~[na:1.8.0_66]
	at org.eclipse.equinox.launcher.Main.invokeFramework(Main.java:669) [org.eclipse.equinox.launcher_1.3.100.v20150511-1540.jar:na]
	at org.eclipse.equinox.launcher.Main.basicRun(Main.java:608) [org.eclipse.equinox.launcher_1.3.100.v20150511-1540.jar:na]
	at org.eclipse.equinox.launcher.Main.run(Main.java:1515) [org.eclipse.equinox.launcher_1.3.100.v20150511-1540.jar:na]
	at org.eclipse.equinox.launcher.Main.main(Main.java:1488) [org.eclipse.equinox.launcher_1.3.100.v20150511-1540.jar:na]
2015-11-07 17:46:45,153 [Worker-4] WARN  o.e.m.c.i.embedder.EclipseLogger - Using platform encoding (UTF-8 actually) to copy filtered resources, i.e. build is platform dependent!
2015-11-07 17:46:45,156 [Worker-4] INFO  o.e.m.c.i.embedder.EclipseLogger - skip non existing resourceDirectory /home/misha/Documents/gitfiles/AstonHack/java/Server/src/main/resources
2015-11-07 17:46:45,159 [Worker-4] WARN  o.e.m.c.i.embedder.EclipseLogger - Using platform encoding (UTF-8 actually) to copy filtered resources, i.e. build is platform dependent!
2015-11-07 17:46:45,160 [Worker-4] INFO  o.e.m.c.i.embedder.EclipseLogger - skip non existing resourceDirectory /home/misha/Documents/gitfiles/AstonHack/java/Server/src/test/resources
2015-11-07 18:31:54,789 [Worker-30] INFO  o.e.m.c.i.l.LifecycleMappingFactory - Using org.eclipse.m2e.jdt.JarLifecycleMapping lifecycle mapping for MavenProject: Server2:Server2:0.0.1-SNAPSHOT @ /home/misha/Documents/gitfiles/AstonHack/java/Server2/pom.xml.
2015-11-07 18:31:55,556 [Worker-30] INFO  o.e.m.j.i.AbstractJavaProjectConfigurator - Adding source folder /Server2/src
2015-11-07 18:31:55,559 [Worker-30] INFO  o.e.m.j.i.AbstractJavaProjectConfigurator - Not adding source folder /Server2/src/test/java because it overlaps with /Server2/src
2015-11-07 18:31:55,815 [Worker-30] INFO  o.e.m.c.i.p.ProjectConfigurationManager - Update started
2015-11-07 18:31:56,120 [Worker-30] INFO  o.e.m.c.i.l.LifecycleMappingFactory - Using org.eclipse.m2e.jdt.JarLifecycleMapping lifecycle mapping for MavenProject: Server2:Server2:0.0.1-SNAPSHOT @ /home/misha/Documents/gitfiles/AstonHack/java/Server2/pom.xml.
2015-11-07 18:31:56,228 [Worker-30] INFO  o.e.m.j.i.AbstractJavaProjectConfigurator - Adding source folder /Server2/src
2015-11-07 18:31:56,228 [Worker-30] INFO  o.e.m.j.i.AbstractJavaProjectConfigurator - Not adding source folder /Server2/src/test/java because it overlaps with /Server2/src
2015-11-07 18:31:56,321 [Worker-30] INFO  o.e.m.c.i.p.ProjectConfigurationManager - Update completed: 0 sec
2015-11-07 18:33:02,599 [Worker-31] INFO  o.e.m.c.i.e.AbstractTransferListenerAdapter - Downloading https://repo.maven.apache.org/maven2/org/json/json/20150729/json-20150729.pom
2015-11-07 18:33:02,621 [Worker-31] INFO  o.e.m.c.i.e.AbstractTransferListenerAdapter - Downloaded https://repo.maven.apache.org/maven2/org/json/json/20150729/json-20150729.pom
2015-11-07 18:33:02,661 [Worker-31] INFO  o.e.m.c.i.e.AbstractTransferListenerAdapter - Downloading https://repo.maven.apache.org/maven2/org/json/json/20150729/json-20150729.jar
2015-11-07 18:33:02,725 [Worker-31] INFO  o.e.m.c.i.e.AbstractTransferListenerAdapter - Downloaded https://repo.maven.apache.org/maven2/org/json/json/20150729/json-20150729.jar
2015-11-07 18:33:15,212 [Worker-32] INFO  o.e.m.c.i.p.ProjectConfigurationManager - Update started
2015-11-07 18:33:15,647 [Worker-32] INFO  o.e.m.c.i.l.LifecycleMappingFactory - Using org.eclipse.m2e.jdt.JarLifecycleMapping lifecycle mapping for MavenProject: Server2:Server2:0.0.1-SNAPSHOT @ /home/misha/Documents/gitfiles/AstonHack/java/Server2/pom.xml.
2015-11-07 18:33:15,875 [Worker-32] INFO  o.e.m.j.i.AbstractJavaProjectConfigurator - Adding source folder /Server2/src
2015-11-07 18:33:15,875 [Worker-32] INFO  o.e.m.j.i.AbstractJavaProjectConfigurator - Not adding source folder /Server2/src/test/java because it overlaps with /Server2/src
2015-11-07 18:33:15,937 [Worker-32] INFO  o.e.m.c.i.p.ProjectConfigurationManager - Update completed: 0 sec
2015-11-07 18:33:20,398 [Worker-27] WARN  o.e.m.c.i.embedder.EclipseLogger - Using platform encoding (UTF-8 actually) to copy filtered resources, i.e. build is platform dependent!
2015-11-07 18:33:20,399 [Worker-27] INFO  o.e.m.c.i.embedder.EclipseLogger - skip non existing resourceDirectory /home/misha/Documents/gitfiles/AstonHack/java/Server2/src/main/resources
2015-11-07 18:33:20,400 [Worker-27] WARN  o.e.m.c.i.embedder.EclipseLogger - Using platform encoding (UTF-8 actually) to copy filtered resources, i.e. build is platform dependent!
2015-11-07 18:33:20,400 [Worker-27] INFO  o.e.m.c.i.embedder.EclipseLogger - skip non existing resourceDirectory /home/misha/Documents/gitfiles/AstonHack/java/Server2/src/test/resources
2015-11-07 18:36:05,382 [Worker-23] WARN  o.e.m.c.i.embedder.EclipseLogger - Using platform encoding (UTF-8 actually) to copy filtered resources, i.e. build is platform dependent!
2015-11-07 18:36:05,383 [Worker-23] INFO  o.e.m.c.i.embedder.EclipseLogger - skip non existing resourceDirectory /home/misha/Documents/gitfiles/AstonHack/java/Server2/src/main/resources
2015-11-07 18:36:05,384 [Worker-23] WARN  o.e.m.c.i.embedder.EclipseLogger - Using platform encoding (UTF-8 actually) to copy filtered resources, i.e. build is platform dependent!
2015-11-07 18:36:05,385 [Worker-23] INFO  o.e.m.c.i.embedder.EclipseLogger - skip non existing resourceDirectory /home/misha/Documents/gitfiles/AstonHack/java/Server2/src/test/resources
2015-11-07 18:38:02,528 [Worker-23] WARN  o.e.m.c.i.embedder.EclipseLogger - Using platform encoding (UTF-8 actually) to copy filtered resources, i.e. build is platform dependent!
2015-11-07 18:38:02,528 [Worker-23] INFO  o.e.m.c.i.embedder.EclipseLogger - skip non existing resourceDirectory /home/misha/Documents/gitfiles/AstonHack/java/Server2/src/main/resources
2015-11-07 18:38:02,529 [Worker-23] WARN  o.e.m.c.i.embedder.EclipseLogger - Using platform encoding (UTF-8 actually) to copy filtered resources, i.e. build is platform dependent!
2015-11-07 18:38:02,530 [Worker-23] INFO  o.e.m.c.i.embedder.EclipseLogger - skip non existing resourceDirectory /home/misha/Documents/gitfiles/AstonHack/java/Server2/src/test/resources
2015-11-07 18:41:19,526 [Worker-13] WARN  o.e.m.c.i.embedder.EclipseLogger - Using platform encoding (UTF-8 actually) to copy filtered resources, i.e. build is platform dependent!
2015-11-07 18:41:19,526 [Worker-13] INFO  o.e.m.c.i.embedder.EclipseLogger - skip non existing resourceDirectory /home/misha/Documents/gitfiles/AstonHack/java/Server2/src/main/resources
2015-11-07 18:41:19,527 [Worker-13] WARN  o.e.m.c.i.embedder.EclipseLogger - Using platform encoding (UTF-8 actually) to copy filtered resources, i.e. build is platform dependent!
2015-11-07 18:41:19,527 [Worker-13] INFO  o.e.m.c.i.embedder.EclipseLogger - skip non existing resourceDirectory /home/misha/Documents/gitfiles/AstonHack/java/Server2/src/test/resources
2015-11-07 18:48:00,688 [Worker-35] WARN  o.e.m.c.i.embedder.EclipseLogger - Using platform encoding (UTF-8 actually) to copy filtered resources, i.e. build is platform dependent!
2015-11-07 18:48:00,689 [Worker-35] INFO  o.e.m.c.i.embedder.EclipseLogger - skip non existing resourceDirectory /home/misha/Documents/gitfiles/AstonHack/java/Server2/src/main/resources
2015-11-07 18:48:00,690 [Worker-35] WARN  o.e.m.c.i.embedder.EclipseLogger - Using platform encoding (UTF-8 actually) to copy filtered resources, i.e. build is platform dependent!
2015-11-07 18:48:00,691 [Worker-35] INFO  o.e.m.c.i.embedder.EclipseLogger - skip non existing resourceDirectory /home/misha/Documents/gitfiles/AstonHack/java/Server2/src/test/resources
2015-11-07 18:54:35,228 [Worker-35] WARN  o.e.m.c.i.embedder.EclipseLogger - Using platform encoding (UTF-8 actually) to copy filtered resources, i.e. build is platform dependent!
2015-11-07 18:54:35,229 [Worker-35] INFO  o.e.m.c.i.embedder.EclipseLogger - skip non existing resourceDirectory /home/misha/Documents/gitfiles/AstonHack/java/Server2/src/main/resources
2015-11-07 18:54:35,230 [Worker-35] WARN  o.e.m.c.i.embedder.EclipseLogger - Using platform encoding (UTF-8 actually) to copy filtered resources, i.e. build is platform dependent!
2015-11-07 18:54:35,230 [Worker-35] INFO  o.e.m.c.i.embedder.EclipseLogger - skip non existing resourceDirectory /home/misha/Documents/gitfiles/AstonHack/java/Server2/src/test/resources
2015-11-07 19:50:55,121 [Worker-35] WARN  o.e.m.c.i.embedder.EclipseLogger - Using platform encoding (UTF-8 actually) to copy filtered resources, i.e. build is platform dependent!
2015-11-07 19:50:55,121 [Worker-35] INFO  o.e.m.c.i.embedder.EclipseLogger - skip non existing resourceDirectory /home/misha/Documents/gitfiles/AstonHack/java/Server2/src/main/resources
2015-11-07 19:50:55,122 [Worker-35] WARN  o.e.m.c.i.embedder.EclipseLogger - Using platform encoding (UTF-8 actually) to copy filtered resources, i.e. build is platform dependent!
2015-11-07 19:50:55,123 [Worker-35] INFO  o.e.m.c.i.embedder.EclipseLogger - skip non existing resourceDirectory /home/misha/Documents/gitfiles/AstonHack/java/Server2/src/test/resources
2015-11-07 19:52:33,606 [Worker-27] WARN  o.e.m.c.i.embedder.EclipseLogger - Using platform encoding (UTF-8 actually) to copy filtered resources, i.e. build is platform dependent!
2015-11-07 19:52:33,606 [Worker-27] INFO  o.e.m.c.i.embedder.EclipseLogger - skip non existing resourceDirectory /home/misha/Documents/gitfiles/AstonHack/java/Server2/src/main/resources
2015-11-07 19:52:33,608 [Worker-27] WARN  o.e.m.c.i.embedder.EclipseLogger - Using platform encoding (UTF-8 actually) to copy filtered resources, i.e. build is platform dependent!
2015-11-07 19:52:33,609 [Worker-27] INFO  o.e.m.c.i.embedder.EclipseLogger - skip non existing resourceDirectory /home/misha/Documents/gitfiles/AstonHack/java/Server2/src/test/resources
2015-11-07 19:53:07,317 [Worker-13] WARN  o.e.m.c.i.embedder.EclipseLogger - Using platform encoding (UTF-8 actually) to copy filtered resources, i.e. build is platform dependent!
2015-11-07 19:53:07,318 [Worker-13] INFO  o.e.m.c.i.embedder.EclipseLogger - skip non existing resourceDirectory /home/misha/Documents/gitfiles/AstonHack/java/Server2/src/main/resources
2015-11-07 19:53:07,319 [Worker-13] WARN  o.e.m.c.i.embedder.EclipseLogger - Using platform encoding (UTF-8 actually) to copy filtered resources, i.e. build is platform dependent!
2015-11-07 19:53:07,320 [Worker-13] INFO  o.e.m.c.i.embedder.EclipseLogger - skip non existing resourceDirectory /home/misha/Documents/gitfiles/AstonHack/java/Server2/src/test/resources
2015-11-07 19:54:16,967 [Worker-27] WARN  o.e.m.c.i.embedder.EclipseLogger - Using platform encoding (UTF-8 actually) to copy filtered resources, i.e. build is platform dependent!
2015-11-07 19:54:16,967 [Worker-27] INFO  o.e.m.c.i.embedder.EclipseLogger - skip non existing resourceDirectory /home/misha/Documents/gitfiles/AstonHack/java/Server2/src/main/resources
2015-11-07 19:54:16,968 [Worker-27] WARN  o.e.m.c.i.embedder.EclipseLogger - Using platform encoding (UTF-8 actually) to copy filtered resources, i.e. build is platform dependent!
2015-11-07 19:54:16,969 [Worker-27] INFO  o.e.m.c.i.embedder.EclipseLogger - skip non existing resourceDirectory /home/misha/Documents/gitfiles/AstonHack/java/Server2/src/test/resources
2015-11-07 20:06:07,941 [Worker-13] INFO  o.e.m.c.i.p.ProjectConfigurationManager - Update started
2015-11-07 20:06:08,505 [Worker-13] INFO  o.e.m.c.i.l.LifecycleMappingFactory - Using org.eclipse.m2e.jdt.JarLifecycleMapping lifecycle mapping for MavenProject: Server2:Server2:0.0.1-SNAPSHOT @ /home/misha/Documents/gitfiles/AstonHack/java/Server2/pom.xml.
2015-11-07 20:06:08,543 [Worker-13] INFO  o.e.m.j.i.AbstractJavaProjectConfigurator - Adding source folder /Server2/src
2015-11-07 20:06:08,543 [Worker-13] INFO  o.e.m.j.i.AbstractJavaProjectConfigurator - Not adding source folder /Server2/src/test/java because it overlaps with /Server2/src
2015-11-07 20:06:08,704 [Worker-13] INFO  o.e.m.c.i.p.ProjectConfigurationManager - Update completed: 0 sec
2015-11-07 20:11:54,104 [Worker-41] INFO  o.e.m.c.i.l.LifecycleMappingFactory - Using org.eclipse.m2e.jdt.JarLifecycleMapping lifecycle mapping for MavenProject: Server2:Server2:0.0.1-SNAPSHOT @ /home/misha/Documents/gitfiles/AstonHack/java/Server2/pom.xml.
2015-11-07 20:11:54,300 [Worker-41] WARN  o.e.m.c.i.embedder.EclipseLogger - Using platform encoding (UTF-8 actually) to copy filtered resources, i.e. build is platform dependent!
2015-11-07 20:11:54,301 [Worker-41] INFO  o.e.m.c.i.embedder.EclipseLogger - skip non existing resourceDirectory /home/misha/Documents/gitfiles/AstonHack/java/Server2/src/main/resources
2015-11-07 20:11:54,302 [Worker-41] WARN  o.e.m.c.i.embedder.EclipseLogger - Using platform encoding (UTF-8 actually) to copy filtered resources, i.e. build is platform dependent!
2015-11-07 20:11:54,303 [Worker-41] INFO  o.e.m.c.i.embedder.EclipseLogger - skip non existing resourceDirectory /home/misha/Documents/gitfiles/AstonHack/java/Server2/src/test/resources
2015-11-07 20:12:44,783 [Worker-41] INFO  o.e.m.c.i.p.ProjectConfigurationManager - Update started
2015-11-07 20:12:45,170 [Worker-41] INFO  o.e.m.c.i.l.LifecycleMappingFactory - Using org.eclipse.m2e.jdt.JarLifecycleMapping lifecycle mapping for MavenProject: Server2:Server2:0.0.1-SNAPSHOT @ /home/misha/Documents/gitfiles/AstonHack/java/Server2/pom.xml.
2015-11-07 20:12:45,212 [Worker-41] INFO  o.e.m.j.i.AbstractJavaProjectConfigurator - Adding source folder /Server2/src
2015-11-07 20:12:45,213 [Worker-41] INFO  o.e.m.j.i.AbstractJavaProjectConfigurator - Not adding source folder /Server2/src/test/java because it overlaps with /Server2/src
2015-11-07 20:12:45,341 [Worker-41] INFO  o.e.m.c.i.p.ProjectConfigurationManager - Update completed: 0 sec
2015-11-07 20:12:48,052 [Worker-41] WARN  o.e.m.c.i.embedder.EclipseLogger - Using platform encoding (UTF-8 actually) to copy filtered resources, i.e. build is platform dependent!
2015-11-07 20:12:48,052 [Worker-41] INFO  o.e.m.c.i.embedder.EclipseLogger - skip non existing resourceDirectory /home/misha/Documents/gitfiles/AstonHack/java/Server2/src/main/resources
2015-11-07 20:12:48,054 [Worker-41] WARN  o.e.m.c.i.embedder.EclipseLogger - Using platform encoding (UTF-8 actually) to copy filtered resources, i.e. build is platform dependent!
2015-11-07 20:12:48,054 [Worker-41] INFO  o.e.m.c.i.embedder.EclipseLogger - skip non existing resourceDirectory /home/misha/Documents/gitfiles/AstonHack/java/Server2/src/test/resources
2015-11-07 21:37:05,801 [Worker-55] INFO  o.e.m.c.i.l.LifecycleMappingFactory - Using org.eclipse.m2e.jdt.JarLifecycleMapping lifecycle mapping for MavenProject: Server2:Server2:0.0.1-SNAPSHOT @ /home/misha/Documents/gitfiles/AstonHack/java/Server2/pom.xml.
2015-11-07 21:37:06,047 [Worker-55] INFO  o.e.m.c.i.e.AbstractTransferListenerAdapter - Downloading https://repo.maven.apache.org/maven2/com/ibm/watson/developer_cloud/java-wrapper/1.1.1/java-wrapper-1.1.1.pom
2015-11-07 21:37:06,143 [Worker-55] INFO  o.e.m.c.i.e.AbstractTransferListenerAdapter - Downloaded https://repo.maven.apache.org/maven2/com/ibm/watson/developer_cloud/java-wrapper/1.1.1/java-wrapper-1.1.1.pom
2015-11-07 21:37:06,161 [Worker-55] INFO  o.e.m.c.i.e.AbstractTransferListenerAdapter - Downloading https://repo.maven.apache.org/maven2/org/apache/httpcomponents/httpmime/4.0.3/httpmime-4.0.3.pom
2015-11-07 21:37:06,175 [Worker-55] INFO  o.e.m.c.i.e.AbstractTransferListenerAdapter - Downloaded https://repo.maven.apache.org/maven2/org/apache/httpcomponents/httpmime/4.0.3/httpmime-4.0.3.pom
2015-11-07 21:37:06,185 [Worker-55] INFO  o.e.m.c.i.e.AbstractTransferListenerAdapter - Downloading https://repo.maven.apache.org/maven2/org/apache/httpcomponents/httpcomponents-client/4.0.3/httpcomponents-client-4.0.3.pom
2015-11-07 21:37:06,197 [Worker-55] INFO  o.e.m.c.i.e.AbstractTransferListenerAdapter - Downloaded https://repo.maven.apache.org/maven2/org/apache/httpcomponents/httpcomponents-client/4.0.3/httpcomponents-client-4.0.3.pom
2015-11-07 21:37:06,214 [Worker-55] INFO  o.e.m.c.i.e.AbstractTransferListenerAdapter - Downloading https://repo.maven.apache.org/maven2/org/apache/httpcomponents/httpclient/4.0.3/httpclient-4.0.3.pom
2015-11-07 21:37:06,226 [Worker-55] INFO  o.e.m.c.i.e.AbstractTransferListenerAdapter - Downloaded https://repo.maven.apache.org/maven2/org/apache/httpcomponents/httpclient/4.0.3/httpclient-4.0.3.pom
2015-11-07 21:37:06,263 [Worker-55] INFO  o.e.m.c.i.e.AbstractTransferListenerAdapter - Downloading https://repo.maven.apache.org/maven2/org/apache/james/apache-mime4j/0.6/apache-mime4j-0.6.pom
2015-11-07 21:37:06,275 [Worker-55] INFO  o.e.m.c.i.e.AbstractTransferListenerAdapter - Downloaded https://repo.maven.apache.org/maven2/org/apache/james/apache-mime4j/0.6/apache-mime4j-0.6.pom
2015-11-07 21:37:06,288 [Worker-55] INFO  o.e.m.c.i.e.AbstractTransferListenerAdapter - Downloading https://repo.maven.apache.org/maven2/org/apache/james/james-project/1.2/james-project-1.2.pom
2015-11-07 21:37:06,299 [Worker-55] INFO  o.e.m.c.i.e.AbstractTransferListenerAdapter - Downloaded https://repo.maven.apache.org/maven2/org/apache/james/james-project/1.2/james-project-1.2.pom
2015-11-07 21:37:06,309 [Worker-55] INFO  o.e.m.c.i.e.AbstractTransferListenerAdapter - Downloading https://repo.maven.apache.org/maven2/org/apache/james/james-parent/1.1/james-parent-1.1.pom
2015-11-07 21:37:06,330 [Worker-55] INFO  o.e.m.c.i.e.AbstractTransferListenerAdapter - Downloaded https://repo.maven.apache.org/maven2/org/apache/james/james-parent/1.1/james-parent-1.1.pom
2015-11-07 21:37:06,347 [Worker-55] INFO  o.e.m.c.i.e.AbstractTransferListenerAdapter - Downloading https://repo.maven.apache.org/maven2/com/google/code/gson/gson/2.3.1/gson-2.3.1.pom
2015-11-07 21:37:06,359 [Worker-55] INFO  o.e.m.c.i.e.AbstractTransferListenerAdapter - Downloaded https://repo.maven.apache.org/maven2/com/google/code/gson/gson/2.3.1/gson-2.3.1.pom
2015-11-07 21:37:06,373 [Worker-55] INFO  o.e.m.c.i.e.AbstractTransferListenerAdapter - Downloading https://repo.maven.apache.org/maven2/org/sonatype/oss/oss-parent/9/oss-parent-9.pom
2015-11-07 21:37:06,385 [Worker-55] INFO  o.e.m.c.i.e.AbstractTransferListenerAdapter - Downloaded https://repo.maven.apache.org/maven2/org/sonatype/oss/oss-parent/9/oss-parent-9.pom
2015-11-07 21:37:06,399 [Worker-55] INFO  o.e.m.c.i.e.AbstractTransferListenerAdapter - Downloading https://repo.maven.apache.org/maven2/org/apache/commons/commons-csv/1.2/commons-csv-1.2.pom
2015-11-07 21:37:06,420 [Worker-55] INFO  o.e.m.c.i.e.AbstractTransferListenerAdapter - Downloaded https://repo.maven.apache.org/maven2/org/apache/commons/commons-csv/1.2/commons-csv-1.2.pom
2015-11-07 21:37:06,443 [Worker-55] INFO  o.e.m.c.i.e.AbstractTransferListenerAdapter - Downloading https://repo.maven.apache.org/maven2/org/apache/commons/commons-parent/38/commons-parent-38.pom
2015-11-07 21:37:06,476 [Worker-55] INFO  o.e.m.c.i.e.AbstractTransferListenerAdapter - Downloaded https://repo.maven.apache.org/maven2/org/apache/commons/commons-parent/38/commons-parent-38.pom
2015-11-07 21:37:06,493 [Worker-55] INFO  o.e.m.c.i.e.AbstractTransferListenerAdapter - Downloading https://repo.maven.apache.org/maven2/org/apache/commons/commons-lang3/3.3.2/commons-lang3-3.3.2.pom
2015-11-07 21:37:06,509 [Worker-55] INFO  o.e.m.c.i.e.AbstractTransferListenerAdapter - Downloaded https://repo.maven.apache.org/maven2/org/apache/commons/commons-lang3/3.3.2/commons-lang3-3.3.2.pom
2015-11-07 21:37:06,520 [Worker-55] INFO  o.e.m.c.i.e.AbstractTransferListenerAdapter - Downloading https://repo.maven.apache.org/maven2/org/apache/commons/commons-parent/33/commons-parent-33.pom
2015-11-07 21:37:06,539 [Worker-55] INFO  o.e.m.c.i.e.AbstractTransferListenerAdapter - Downloaded https://repo.maven.apache.org/maven2/org/apache/commons/commons-parent/33/commons-parent-33.pom
2015-11-07 21:37:06,651 [Worker-55] INFO  o.e.m.c.i.e.AbstractTransferListenerAdapter - Downloading https://repo.maven.apache.org/maven2/com/ibm/watson/developer_cloud/java-wrapper/1.1.1/java-wrapper-1.1.1.jar
2015-11-07 21:37:06,784 [Worker-55] INFO  o.e.m.c.i.e.AbstractTransferListenerAdapter - Downloaded https://repo.maven.apache.org/maven2/com/ibm/watson/developer_cloud/java-wrapper/1.1.1/java-wrapper-1.1.1.jar
2015-11-07 21:37:06,800 [Worker-55] INFO  o.e.m.c.i.e.AbstractTransferListenerAdapter - Downloading https://repo.maven.apache.org/maven2/org/apache/httpcomponents/httpmime/4.0.3/httpmime-4.0.3.jar
2015-11-07 21:37:06,811 [Worker-55] INFO  o.e.m.c.i.e.AbstractTransferListenerAdapter - Downloaded https://repo.maven.apache.org/maven2/org/apache/httpcomponents/httpmime/4.0.3/httpmime-4.0.3.jar
2015-11-07 21:37:06,820 [Worker-55] INFO  o.e.m.c.i.e.AbstractTransferListenerAdapter - Downloading https://repo.maven.apache.org/maven2/org/apache/james/apache-mime4j/0.6/apache-mime4j-0.6.jar
2015-11-07 21:37:06,895 [Worker-55] INFO  o.e.m.c.i.e.AbstractTransferListenerAdapter - Downloaded https://repo.maven.apache.org/maven2/org/apache/james/apache-mime4j/0.6/apache-mime4j-0.6.jar
2015-11-07 21:37:06,906 [Worker-55] INFO  o.e.m.c.i.e.AbstractTransferListenerAdapter - Downloading https://repo.maven.apache.org/maven2/commons-logging/commons-logging/1.1.1/commons-logging-1.1.1.jar
2015-11-07 21:37:06,923 [Worker-55] INFO  o.e.m.c.i.e.AbstractTransferListenerAdapter - Downloaded https://repo.maven.apache.org/maven2/commons-logging/commons-logging/1.1.1/commons-logging-1.1.1.jar
2015-11-07 21:37:06,932 [Worker-55] INFO  o.e.m.c.i.e.AbstractTransferListenerAdapter - Downloading https://repo.maven.apache.org/maven2/com/google/code/gson/gson/2.3.1/gson-2.3.1.jar
2015-11-07 21:37:06,976 [Worker-55] INFO  o.e.m.c.i.e.AbstractTransferListenerAdapter - Downloaded https://repo.maven.apache.org/maven2/com/google/code/gson/gson/2.3.1/gson-2.3.1.jar
2015-11-07 21:37:06,985 [Worker-55] INFO  o.e.m.c.i.e.AbstractTransferListenerAdapter - Downloading https://repo.maven.apache.org/maven2/org/apache/httpcomponents/httpclient/4.0.3/httpclient-4.0.3.jar
2015-11-07 21:37:07,040 [Worker-55] INFO  o.e.m.c.i.e.AbstractTransferListenerAdapter - Downloaded https://repo.maven.apache.org/maven2/org/apache/httpcomponents/httpclient/4.0.3/httpclient-4.0.3.jar
2015-11-07 21:37:07,057 [Worker-55] INFO  o.e.m.c.i.e.AbstractTransferListenerAdapter - Downloading https://repo.maven.apache.org/maven2/org/apache/commons/commons-csv/1.2/commons-csv-1.2.jar
2015-11-07 21:37:07,073 [Worker-55] INFO  o.e.m.c.i.e.AbstractTransferListenerAdapter - Downloaded https://repo.maven.apache.org/maven2/org/apache/commons/commons-csv/1.2/commons-csv-1.2.jar
2015-11-07 21:37:07,108 [Worker-55] INFO  o.e.m.c.i.e.AbstractTransferListenerAdapter - Downloading https://repo.maven.apache.org/maven2/org/apache/commons/commons-lang3/3.3.2/commons-lang3-3.3.2.jar
2015-11-07 21:37:07,205 [Worker-55] INFO  o.e.m.c.i.e.AbstractTransferListenerAdapter - Downloaded https://repo.maven.apache.org/maven2/org/apache/commons/commons-lang3/3.3.2/commons-lang3-3.3.2.jar
2015-11-07 21:37:07,638 [Worker-55] INFO  o.e.m.j.i.AbstractJavaProjectConfigurator - Adding source folder /Server2/src
2015-11-07 21:37:07,639 [Worker-55] INFO  o.e.m.j.i.AbstractJavaProjectConfigurator - Not adding source folder /Server2/src/test/java because it overlaps with /Server2/src
2015-11-07 21:37:07,751 [Worker-55] INFO  o.e.m.c.i.p.ProjectConfigurationManager - Update completed: 2 sec
